<?xml version="1.0" encoding="UTF-8"?>
<!-- Generated by org.testng.reporters.JUnitReportReporter -->
<testsuite hostname="DESKTOP-AO9PN1L" failures="0" tests="1" name="toReadDataFromExcel.DatadrivenusingAssertion" time="18.387" errors="0" timestamp="2024-07-01T22:14:53 IST" skipped="0">
  <testcase classname="toReadDataFromExcel.DatadrivenusingAssertion" name="login" time="18.387"/>
  <system-out/>
</testsuite> <!-- toReadDataFromExcel.DatadrivenusingAssertion -->
