<?xml version="1.0" encoding="UTF-8"?>
<!-- Generated by org.testng.reporters.JUnitReportReporter -->
<testsuite hostname="DESKTOP-AO9PN1L" failures="0" tests="3" name="testNgAnditsAttributes.Attributes" time="76.805" errors="0" timestamp="2024-07-03T12:10:02 IST" skipped="0">
  <testcase classname="testNgAnditsAttributes.Attributes" name="faceBook" time="31.206"/>
  <system-out/>
  <testcase classname="testNgAnditsAttributes.Attributes" name="trello" time="29.856"/>
  <system-out/>
  <testcase classname="testNgAnditsAttributes.Attributes" name="vtiger" time="15.743"/>
  <system-out/>
</testsuite> <!-- testNgAnditsAttributes.Attributes -->
