<?xml version="1.0" encoding="UTF-8"?>
<!-- Generated by org.testng.reporters.JUnitReportReporter -->
<testsuite hostname="DESKTOP-AO9PN1L" failures="0" tests="1" name="toReadDataFromExcel.DataProvider" time="0.000" errors="0" timestamp="2024-06-24T11:40:34 IST" skipped="1">
  <testcase classname="toReadDataFromExcel.DataProvider" name="dataPrint" time="0.000">
    <skipped/>
  </testcase> <!-- dataPrint -->
  <system-out/>
</testsuite> <!-- toReadDataFromExcel.DataProvider -->
