<?xml version="1.0" encoding="UTF-8"?>
<!-- Generated by org.testng.reporters.JUnitReportReporter -->
<testsuite hostname="DESKTOP-AO9PN1L" failures="0" tests="12" name="toReadDataFromExternalSource.ReadDataFromXMLfile_SuiteFile" time="274.543" errors="0" timestamp="2024-07-05T21:38:33 IST" skipped="0">
  <testcase classname="toReadDataFromExternalSource.ReadDataFromXMLfile_SuiteFile" name="loginToVtiger4" time="26.691"/>
  <system-out/>
  <testcase classname="toReadDataFromExternalSource.ReadDataFromXMLfile_SuiteFile" name="loginToVtiger1" time="27.532"/>
  <system-out/>
  <testcase classname="toReadDataFromExternalSource.ReadDataFromXMLfile_SuiteFile" name="loginToVtiger" time="17.378"/>
  <system-out/>
  <testcase classname="toReadDataFromExternalSource.ReadDataFromXMLfile_SuiteFile" name="loginToVtiger" time="58.455"/>
  <system-out/>
  <testcase classname="toReadDataFromExternalSource.ReadDataFromXMLfile_SuiteFile" name="loginToVtiger2" time="13.931"/>
  <system-out/>
  <testcase classname="toReadDataFromExternalSource.ReadDataFromXMLfile_SuiteFile" name="loginToVtiger5" time="11.753"/>
  <system-out/>
  <testcase classname="toReadDataFromExternalSource.ReadDataFromXMLfile_SuiteFile" name="loginToVtiger6" time="24.248"/>
  <system-out/>
  <testcase classname="toReadDataFromExternalSource.ReadDataFromXMLfile_SuiteFile" name="loginToVtiger6" time="9.530"/>
  <system-out/>
  <testcase classname="toReadDataFromExternalSource.ReadDataFromXMLfile_SuiteFile" name="loginToVtiger5" time="7.037"/>
  <system-out/>
  <testcase classname="toReadDataFromExternalSource.ReadDataFromXMLfile_SuiteFile" name="loginToVtiger4" time="10.781"/>
  <system-out/>
  <testcase classname="toReadDataFromExternalSource.ReadDataFromXMLfile_SuiteFile" name="loginToVtiger1" time="43.298"/>
  <system-out/>
  <testcase classname="toReadDataFromExternalSource.ReadDataFromXMLfile_SuiteFile" name="loginToVtiger2" time="23.909"/>
  <system-out/>
</testsuite> <!-- toReadDataFromExternalSource.ReadDataFromXMLfile_SuiteFile -->
