<?xml version="1.0" encoding="UTF-8"?>
<!-- Generated by org.testng.reporters.JUnitReportReporter -->
<testsuite hostname="DESKTOP-AO9PN1L" failures="0" tests="2" name="groupExecution.Test3" time="0.021" errors="0" timestamp="2024-07-04T12:21:46 IST" skipped="0">
  <testcase classname="groupExecution.Test3" name="createBoard" time="0.019"/>
  <system-out/>
  <testcase classname="groupExecution.Test3" name="deleteBoard" time="0.002"/>
  <system-out/>
</testsuite> <!-- groupExecution.Test3 -->
