<?xml version="1.0" encoding="UTF-8"?>
<!-- Generated by org.testng.reporters.JUnitReportReporter -->
<testsuite hostname="DESKTOP-AO9PN1L" failures="0" tests="1" name="groupExecution.Test1" time="0.015" errors="0" timestamp="2024-07-07T14:18:10 IST" skipped="0">
  <testcase classname="groupExecution.Test1" name="login" time="0.015"/>
  <system-out/>
</testsuite> <!-- groupExecution.Test1 -->
