<?xml version="1.0" encoding="UTF-8"?>
<!-- Generated by org.testng.reporters.JUnitReportReporter -->
<testsuite hostname="DESKTOP-AO9PN1L" failures="0" tests="3" name="groupExecution.Test1" time="0.007" errors="0" timestamp="2024-07-05T23:06:02 IST" skipped="0">
  <testcase classname="groupExecution.Test1" name="logout" time="0.000"/>
  <system-out/>
  <testcase classname="groupExecution.Test1" name="login" time="0.001"/>
  <system-out/>
  <testcase classname="groupExecution.Test1" name="home" time="0.006"/>
  <system-out/>
</testsuite> <!-- groupExecution.Test1 -->
