<?xml version="1.0" encoding="UTF-8"?>
<!-- Generated by org.testng.reporters.JUnitReportReporter -->
<testsuite hostname="DESKTOP-AO9PN1L" failures="0" tests="2" name="groupExecution.Test2" time="0.000" errors="0" timestamp="2024-07-05T23:06:02 IST" skipped="0">
  <testcase classname="groupExecution.Test2" name="createPage" time="0.000"/>
  <system-out/>
  <testcase classname="groupExecution.Test2" name="boardsPage" time="0.000"/>
  <system-out/>
</testsuite> <!-- groupExecution.Test2 -->
