<?xml version="1.0" encoding="UTF-8"?>
<!-- Generated by org.testng.reporters.JUnitReportReporter -->
<testsuite hostname="DESKTOP-AO9PN1L" failures="0" tests="3" name="testNgAnditsAttributes.AttributesTest" time="24.812" errors="0" timestamp="2024-07-05T23:12:32 IST" skipped="0">
  <testcase classname="testNgAnditsAttributes.AttributesTest" name="faceBook" time="4.304"/>
  <system-out/>
  <testcase classname="testNgAnditsAttributes.AttributesTest" name="trello" time="14.430"/>
  <system-out/>
  <testcase classname="testNgAnditsAttributes.AttributesTest" name="vtiger" time="6.078"/>
  <system-out/>
</testsuite> <!-- testNgAnditsAttributes.AttributesTest -->
